[24-Jul-2023 14:03:08 UTC] PHP Warning:  Attempt to read property "title" on null in C:\Users\andre\Local Sites\fictional-university\app\public\wp-includes\class-wp-customize-widgets.php on line 905
[24-Jul-2023 15:21:26 UTC] PHP Parse error:  syntax error, unexpected token "}", expecting "," or ";" in C:\Users\andre\Local Sites\fictional-university\app\public\wp-content\themes\fictional-university-theme\index.php on line 4
[24-Jul-2023 15:21:28 UTC] PHP Parse error:  syntax error, unexpected token "}", expecting "," or ";" in C:\Users\andre\Local Sites\fictional-university\app\public\wp-content\themes\fictional-university-theme\index.php on line 4
[24-Jul-2023 15:23:21 UTC] PHP Fatal error:  Uncaught ArgumentCountError: Too few arguments to function greet(), 1 passed in C:\Users\andre\Local Sites\fictional-university\app\public\wp-content\themes\fictional-university-theme\index.php on line 6 and exactly 2 expected in C:\Users\andre\Local Sites\fictional-university\app\public\wp-content\themes\fictional-university-theme\index.php:2
Stack trace:
#0 C:\Users\andre\Local Sites\fictional-university\app\public\wp-content\themes\fictional-university-theme\index.php(6): greet('John')
#1 C:\Users\andre\Local Sites\fictional-university\app\public\wp-includes\template-loader.php(106): include('C:\\Users\\andre\\...')
#2 C:\Users\andre\Local Sites\fictional-university\app\public\wp-blog-header.php(19): require_once('C:\\Users\\andre\\...')
#3 C:\Users\andre\Local Sites\fictional-university\app\public\index.php(17): require('C:\\Users\\andre\\...')
#4 {main}
  thrown in C:\Users\andre\Local Sites\fictional-university\app\public\wp-content\themes\fictional-university-theme\index.php on line 2
[24-Jul-2023 15:26:24 UTC] PHP Parse error:  syntax error, unexpected integer "0", expecting ")" in C:\Users\andre\Local Sites\fictional-university\app\public\wp-content\themes\fictional-university-theme\index.php on line 14
[24-Jul-2023 15:31:50 UTC] PHP Parse error:  syntax error, unexpected token "<", expecting end of file in C:\Users\andre\Local Sites\fictional-university\app\public\wp-content\themes\fictional-university-theme\index.php on line 1
[24-Jul-2023 15:32:03 UTC] PHP Parse error:  syntax error, unexpected token "<", expecting end of file in C:\Users\andre\Local Sites\fictional-university\app\public\wp-content\themes\fictional-university-theme\index.php on line 1
[24-Jul-2023 15:32:12 UTC] PHP Parse error:  syntax error, unexpected token "!=", expecting end of file in C:\Users\andre\Local Sites\fictional-university\app\public\wp-content\themes\fictional-university-theme\index.php on line 1
[24-Jul-2023 15:32:14 UTC] PHP Parse error:  syntax error, unexpected token "!=", expecting end of file in C:\Users\andre\Local Sites\fictional-university\app\public\wp-content\themes\fictional-university-theme\index.php on line 1
[24-Jul-2023 15:32:27 UTC] PHP Parse error:  syntax error, unexpected token "echo" in C:\Users\andre\Local Sites\fictional-university\app\public\wp-content\themes\fictional-university-theme\index.php on line 7
[24-Jul-2023 15:32:28 UTC] PHP Parse error:  syntax error, unexpected token "echo" in C:\Users\andre\Local Sites\fictional-university\app\public\wp-content\themes\fictional-university-theme\index.php on line 7
[24-Jul-2023 15:32:28 UTC] PHP Parse error:  syntax error, unexpected token "echo" in C:\Users\andre\Local Sites\fictional-university\app\public\wp-content\themes\fictional-university-theme\index.php on line 7
[24-Jul-2023 15:34:44 UTC] PHP Fatal error:  Uncaught Error: Array callback must have exactly two elements in C:\Users\andre\Local Sites\fictional-university\app\public\wp-content\themes\fictional-university-theme\index.php:7
Stack trace:
#0 C:\Users\andre\Local Sites\fictional-university\app\public\wp-includes\template-loader.php(106): include()
#1 C:\Users\andre\Local Sites\fictional-university\app\public\wp-blog-header.php(19): require_once('C:\\Users\\andre\\...')
#2 C:\Users\andre\Local Sites\fictional-university\app\public\index.php(17): require('C:\\Users\\andre\\...')
#3 {main}
  thrown in C:\Users\andre\Local Sites\fictional-university\app\public\wp-content\themes\fictional-university-theme\index.php on line 7
[24-Jul-2023 15:41:19 UTC] PHP Parse error:  syntax error, unexpected token ")" in C:\Users\andre\Local Sites\fictional-university\app\public\wp-content\themes\fictional-university-theme\index.php on line 5
[24-Jul-2023 15:42:47 UTC] PHP Parse error:  syntax error, unexpected variable "$count", expecting "," or ";" in C:\Users\andre\Local Sites\fictional-university\app\public\wp-content\themes\fictional-university-theme\index.php on line 7
[24-Jul-2023 15:42:58 UTC] PHP Parse error:  syntax error, unexpected variable "$count", expecting "," or ";" in C:\Users\andre\Local Sites\fictional-university\app\public\wp-content\themes\fictional-university-theme\index.php on line 7
[24-Jul-2023 15:42:59 UTC] PHP Parse error:  syntax error, unexpected variable "$count", expecting "," or ";" in C:\Users\andre\Local Sites\fictional-university\app\public\wp-content\themes\fictional-university-theme\index.php on line 7
[24-Jul-2023 15:42:59 UTC] PHP Parse error:  syntax error, unexpected variable "$count", expecting "," or ";" in C:\Users\andre\Local Sites\fictional-university\app\public\wp-content\themes\fictional-university-theme\index.php on line 7
[24-Jul-2023 15:42:59 UTC] PHP Parse error:  syntax error, unexpected variable "$count", expecting "," or ";" in C:\Users\andre\Local Sites\fictional-university\app\public\wp-content\themes\fictional-university-theme\index.php on line 7
[24-Jul-2023 15:43:00 UTC] PHP Parse error:  syntax error, unexpected variable "$count", expecting "," or ";" in C:\Users\andre\Local Sites\fictional-university\app\public\wp-content\themes\fictional-university-theme\index.php on line 7
[24-Jul-2023 15:43:00 UTC] PHP Parse error:  syntax error, unexpected variable "$count", expecting "," or ";" in C:\Users\andre\Local Sites\fictional-university\app\public\wp-content\themes\fictional-university-theme\index.php on line 7
[24-Jul-2023 15:43:19 UTC] PHP Parse error:  syntax error, unexpected variable "$count", expecting "," or ";" in C:\Users\andre\Local Sites\fictional-university\app\public\wp-content\themes\fictional-university-theme\index.php on line 7
[24-Jul-2023 15:43:39 UTC] PHP Parse error:  syntax error, unexpected variable "$count", expecting "," or ";" in C:\Users\andre\Local Sites\fictional-university\app\public\wp-content\themes\fictional-university-theme\index.php on line 7
[24-Jul-2023 15:43:39 UTC] PHP Parse error:  syntax error, unexpected variable "$count", expecting "," or ";" in C:\Users\andre\Local Sites\fictional-university\app\public\wp-content\themes\fictional-university-theme\index.php on line 7
[24-Jul-2023 15:43:40 UTC] PHP Parse error:  syntax error, unexpected variable "$count", expecting "," or ";" in C:\Users\andre\Local Sites\fictional-university\app\public\wp-content\themes\fictional-university-theme\index.php on line 7
[24-Jul-2023 15:43:40 UTC] PHP Parse error:  syntax error, unexpected variable "$count", expecting "," or ";" in C:\Users\andre\Local Sites\fictional-university\app\public\wp-content\themes\fictional-university-theme\index.php on line 7
[24-Jul-2023 15:43:40 UTC] PHP Parse error:  syntax error, unexpected variable "$count", expecting "," or ";" in C:\Users\andre\Local Sites\fictional-university\app\public\wp-content\themes\fictional-university-theme\index.php on line 7
[24-Jul-2023 15:43:40 UTC] PHP Parse error:  syntax error, unexpected variable "$count", expecting "," or ";" in C:\Users\andre\Local Sites\fictional-university\app\public\wp-content\themes\fictional-university-theme\index.php on line 7
[24-Jul-2023 15:43:40 UTC] PHP Parse error:  syntax error, unexpected variable "$count", expecting "," or ";" in C:\Users\andre\Local Sites\fictional-university\app\public\wp-content\themes\fictional-university-theme\index.php on line 7
[24-Jul-2023 15:43:40 UTC] PHP Parse error:  syntax error, unexpected variable "$count", expecting "," or ";" in C:\Users\andre\Local Sites\fictional-university\app\public\wp-content\themes\fictional-university-theme\index.php on line 7
[24-Jul-2023 15:43:41 UTC] PHP Parse error:  syntax error, unexpected variable "$count", expecting "," or ";" in C:\Users\andre\Local Sites\fictional-university\app\public\wp-content\themes\fictional-university-theme\index.php on line 7
[24-Jul-2023 15:43:41 UTC] PHP Parse error:  syntax error, unexpected variable "$count", expecting "," or ";" in C:\Users\andre\Local Sites\fictional-university\app\public\wp-content\themes\fictional-university-theme\index.php on line 7
[24-Jul-2023 15:43:41 UTC] PHP Parse error:  syntax error, unexpected variable "$count", expecting "," or ";" in C:\Users\andre\Local Sites\fictional-university\app\public\wp-content\themes\fictional-university-theme\index.php on line 7
[24-Jul-2023 15:43:57 UTC] PHP Parse error:  syntax error, unexpected variable "$count", expecting "," or ";" in C:\Users\andre\Local Sites\fictional-university\app\public\wp-content\themes\fictional-university-theme\index.php on line 7
[24-Jul-2023 15:43:59 UTC] PHP Parse error:  syntax error, unexpected variable "$count", expecting "," or ";" in C:\Users\andre\Local Sites\fictional-university\app\public\wp-content\themes\fictional-university-theme\index.php on line 7
[24-Jul-2023 15:43:59 UTC] PHP Parse error:  syntax error, unexpected variable "$count", expecting "," or ";" in C:\Users\andre\Local Sites\fictional-university\app\public\wp-content\themes\fictional-university-theme\index.php on line 7
[24-Jul-2023 15:43:59 UTC] PHP Parse error:  syntax error, unexpected variable "$count", expecting "," or ";" in C:\Users\andre\Local Sites\fictional-university\app\public\wp-content\themes\fictional-university-theme\index.php on line 7
[24-Jul-2023 15:44:00 UTC] PHP Parse error:  syntax error, unexpected variable "$count", expecting "," or ";" in C:\Users\andre\Local Sites\fictional-university\app\public\wp-content\themes\fictional-university-theme\index.php on line 7
[24-Jul-2023 15:44:00 UTC] PHP Parse error:  syntax error, unexpected variable "$count", expecting "," or ";" in C:\Users\andre\Local Sites\fictional-university\app\public\wp-content\themes\fictional-university-theme\index.php on line 7
[24-Jul-2023 15:44:00 UTC] PHP Parse error:  syntax error, unexpected variable "$count", expecting "," or ";" in C:\Users\andre\Local Sites\fictional-university\app\public\wp-content\themes\fictional-university-theme\index.php on line 7
[24-Jul-2023 15:44:33 UTC] PHP Parse error:  syntax error, unexpected variable "$count", expecting "," or ";" in C:\Users\andre\Local Sites\fictional-university\app\public\wp-content\themes\fictional-university-theme\index.php on line 7
[24-Jul-2023 15:44:36 UTC] PHP Parse error:  syntax error, unexpected variable "$count", expecting "," or ";" in C:\Users\andre\Local Sites\fictional-university\app\public\wp-content\themes\fictional-university-theme\index.php on line 7
